Program called with the following parameters:
 * downscale = 2
 * exportIntermediateResults = 0
 * imagesFolder = "C:/Users/olav_/Projects/DivingEd/Documents/Reference/MeshroomCache/PrepareDenseScene/95a720dec1dfa1997445a9d52866190d9085b9b1"
 * input = "C:/Users/olav_/Projects/DivingEd/Documents/Reference/MeshroomCache/StructureFromMotion/947080f40fc9e5b52861f0fa8db9792273e09270/sfm.abc"
 * maxViewAngle = 70
 * minViewAngle = 2
 * nbGPUs = 0
 * output = "C:/Users/olav_/Projects/DivingEd/Documents/Reference/MeshroomCache/DepthMap/b123115ae622d867942d196b225c5fe923513307"
 * rangeSize = 3
 * rangeStart = 3
 * refineGammaC = 15.5
 * refineGammaP = 8
 * refineMaxTCams = 6
 * refineNDepthsToRefine = 31
 * refineNSamplesHalf = 150
 * refineNiters = 100
 * refineSigma = 15
 * refineUseTcOrRcPixSize = 0
 * refineWSH = 3
 * sgmGammaC = 5.5
 * sgmGammaP = 8
 * sgmMaxTCams = 10
 * sgmWSH = 4
 * verboseLevel = "info"

[21:37:58.552239][info] CUDA-Enabled GPU.
Device information:
	- id:                      0
	- name:                    GeForce GTX 1060 6GB
	- compute capability:      6.1
	- total device memory:     6144 MB 
	- device memory available: 5220 MB 
	- per-block shared memory: 49152
	- warp size:               32
	- max threads per block:   1024
	- max threads per SM(X):   2048
	- max block sizes:         {1024,1024,64}
	- max grid sizes:          {2147483647,65535,65535}
	- max 2D array texture:    {131072,65536}
	- max 3D array texture:    {16384,16384,16384}
	- max 2D linear texture:   {131072,65000,2097120}
	- max 2D layered texture:  {32768,32768,2048}
	- number of SM(x)s:        10
	- registers per SM(x):     65536
	- registers per block:     65536
	- concurrent kernels:      yes
	- mapping host memory:     yes
	- unified addressing:      yes
	- texture alignment:       512 byte
	- pitch alignment:         32 byte
[21:37:58.673913][info] Supported CUDA-Enabled GPU detected.
[21:37:58.678900][info] Found 1 image dimension(s): 
[21:37:58.678900][info] 	- [3024x4032]
[21:37:58.680895][info] Overall maximum dimension: [3024x4032]
[21:37:58.680895][info] No camera to process.
